<?xml version="1.0" encoding="UTF-8"?>
<!-- Generated by org.testng.reporters.JUnitReportReporter -->
<testsuite hostname="LAPTOP-V4RIGFDR" name="maven.selenium.basic.programming.toolsqa.com.automation.toolsqa.tutorial.TestNG_DataProvider" tests="3" failures="0" timestamp="27 Oct 2019 07:04:20 GMT" time="0.041" errors="0">
  <testcase name="getDataFromDataProvider" time="0.020" classname="maven.selenium.basic.programming.toolsqa.com.automation.toolsqa.tutorial.TestNG_DataProvider"/>
  <testcase name="getDataFromDataProvider" time="0.013" classname="maven.selenium.basic.programming.toolsqa.com.automation.toolsqa.tutorial.TestNG_DataProvider"/>
  <testcase name="getDataFromDataProvider" time="0.008" classname="maven.selenium.basic.programming.toolsqa.com.automation.toolsqa.tutorial.TestNG_DataProvider"/>
</testsuite> <!-- maven.selenium.basic.programming.toolsqa.com.automation.toolsqa.tutorial.TestNG_DataProvider -->
