<?xml version="1.0" encoding="UTF-8"?>
<!-- Generated by org.testng.reporters.JUnitReportReporter -->
<testsuite hostname="LAPTOP-V4RIGFDR" name="maven.selenium.basic.programming.toolsqa.com.automation.toolsqa.tutorial.TestNG_Test" tests="1" failures="0" timestamp="26 Oct 2019 08:52:19 GMT" time="0.014" errors="0">
  <testcase name="testMethod1" time="0.014" classname="maven.selenium.basic.programming.toolsqa.com.automation.toolsqa.tutorial.TestNG_Test"/>
</testsuite> <!-- maven.selenium.basic.programming.toolsqa.com.automation.toolsqa.tutorial.TestNG_Test -->
