<?xml version="1.0" encoding="UTF-8"?>
<!-- Generated by org.testng.reporters.JUnitReportReporter -->
<testsuite hostname="LAPTOP-V4RIGFDR" name="RestAssuredTesting.RestAssuredTesting.TC005_PostRequest" tests="1" failures="0" timestamp="3 Oct 2022 15:00:18 GMT" time="4.218" errors="0">
  <testcase name="postRequest" time="4.218" classname="RestAssuredTesting.RestAssuredTesting.TC005_PostRequest"/>
</testsuite> <!-- RestAssuredTesting.RestAssuredTesting.TC005_PostRequest -->
