<?xml version="1.0" encoding="UTF-8"?>
<!-- Generated by org.testng.reporters.JUnitReportReporter -->
<testsuite hostname="LAPTOP-V4RIGFDR" name="RestAssuredTesting.RestAssuredTesting.UdemyJiraAPICookieBasedAuth" tests="1" failures="0" timestamp="7 Dec 2022 18:18:30 GMT" time="3.626" errors="0">
  <testcase name="testJiraAPI" time="3.626" classname="RestAssuredTesting.RestAssuredTesting.UdemyJiraAPICookieBasedAuth"/>
</testsuite> <!-- RestAssuredTesting.RestAssuredTesting.UdemyJiraAPICookieBasedAuth -->
