<?xml version="1.0" encoding="UTF-8"?>
<!-- Generated by org.testng.reporters.JUnitReportReporter -->
<testsuite hostname="LAPTOP-V4RIGFDR" name="RestAssuredTesting.RestAssuredTesting.UdemyLibraryApiGetReq" tests="1" failures="0" timestamp="31 Oct 2022 20:51:16 GMT" time="6.411" errors="0">
  <testcase name="getReq" time="6.411" classname="RestAssuredTesting.RestAssuredTesting.UdemyLibraryApiGetReq"/>
</testsuite> <!-- RestAssuredTesting.RestAssuredTesting.UdemyLibraryApiGetReq -->
