<?xml version="1.0" encoding="UTF-8"?>
<!-- Generated by org.testng.reporters.JUnitReportReporter -->
<testsuite hostname="LAPTOP-V4RIGFDR" name="RestAssuredTesting.RestAssuredTesting.TC008_PUT_Delete" tests="1" failures="0" timestamp="13 Oct 2022 14:15:14 GMT" time="3.477" errors="0">
  <testcase name="putEmpRecord" time="3.477" classname="RestAssuredTesting.RestAssuredTesting.TC008_PUT_Delete"/>
</testsuite> <!-- RestAssuredTesting.RestAssuredTesting.TC008_PUT_Delete -->
