<?xml version="1.0" encoding="UTF-8"?>
<!-- Generated by org.testng.reporters.JUnitReportReporter -->
<testsuite hostname="LAPTOP-V4RIGFDR" name="RestAssuredTesting.RestAssuredTesting.TC004PostRequest" tests="1" failures="0" timestamp="27 Sep 2022 00:40:13 GMT" time="3.355" errors="0">
  <testcase name="postRequest" time="3.355" classname="RestAssuredTesting.RestAssuredTesting.TC004PostRequest"/>
</testsuite> <!-- RestAssuredTesting.RestAssuredTesting.TC004PostRequest -->
