<?xml version="1.0" encoding="UTF-8"?>
<!-- Generated by org.testng.reporters.JUnitReportReporter -->
<testsuite hostname="LAPTOP-V4RIGFDR" name="RestAssuredTesting.RestAssuredTesting.UdemyPostAPI" tests="3" failures="0" timestamp="4 Nov 2022 16:09:59 GMT" time="3.980" errors="0">
  <testcase name="postApi" time="2.738" classname="RestAssuredTesting.RestAssuredTesting.UdemyPostAPI"/>
  <testcase name="postApi" time="0.648" classname="RestAssuredTesting.RestAssuredTesting.UdemyPostAPI"/>
  <testcase name="postApi" time="0.594" classname="RestAssuredTesting.RestAssuredTesting.UdemyPostAPI"/>
</testsuite> <!-- RestAssuredTesting.RestAssuredTesting.UdemyPostAPI -->
