<?xml version="1.0" encoding="UTF-8"?>
<!-- Generated by org.testng.reporters.JUnitReportReporter -->
<testsuite hostname="LAPTOP-V4RIGFDR" name="RestAssuredTesting.RestAssuredTesting.TC002_PostRequest" tests="1" failures="0" timestamp="24 Sep 2022 22:02:33 GMT" time="3.970" errors="0">
  <testcase name="postRequest" time="3.970" classname="RestAssuredTesting.RestAssuredTesting.TC002_PostRequest"/>
</testsuite> <!-- RestAssuredTesting.RestAssuredTesting.TC002_PostRequest -->
