<?xml version="1.0" encoding="UTF-8"?>
<!-- Generated by org.testng.reporters.JUnitReportReporter -->
<testsuite hostname="LAPTOP-V4RIGFDR" name="RestAssuredTesting.RestAssuredTesting.TC003_GetRequest" tests="1" failures="0" timestamp="27 Sep 2022 00:31:01 GMT" time="3.818" errors="0">
  <testcase name="getRequest" time="3.818" classname="RestAssuredTesting.RestAssuredTesting.TC003_GetRequest"/>
</testsuite> <!-- RestAssuredTesting.RestAssuredTesting.TC003_GetRequest -->
