<?xml version="1.0" encoding="UTF-8"?>
<!-- Generated by org.testng.reporters.JUnitReportReporter -->
<testsuite hostname="LAPTOP-V4RIGFDR" name="RestAssuredTesting.RestAssuredTesting.TC006_PostRequest" tests="1" failures="0" timestamp="3 Oct 2022 16:13:44 GMT" time="3.276" errors="0">
  <testcase name="postRequest" time="3.276" classname="RestAssuredTesting.RestAssuredTesting.TC006_PostRequest"/>
</testsuite> <!-- RestAssuredTesting.RestAssuredTesting.TC006_PostRequest -->
