<?xml version="1.0" encoding="UTF-8"?>
<!-- Generated by org.testng.reporters.JUnitReportReporter -->
<testsuite hostname="LAPTOP-V4RIGFDR" name="RestAssuredTesting.RestAssuredTesting.TC007_PostRequest" tests="4" failures="0" timestamp="4 Oct 2022 20:05:22 GMT" time="0.529" errors="0">
  <testcase name="postRequest" time="0.522" classname="RestAssuredTesting.RestAssuredTesting.TC007_PostRequest"/>
  <testcase name="postRequest" time="0.004" classname="RestAssuredTesting.RestAssuredTesting.TC007_PostRequest"/>
  <testcase name="postRequest" time="0.001" classname="RestAssuredTesting.RestAssuredTesting.TC007_PostRequest"/>
  <testcase name="postRequest" time="0.002" classname="RestAssuredTesting.RestAssuredTesting.TC007_PostRequest"/>
</testsuite> <!-- RestAssuredTesting.RestAssuredTesting.TC007_PostRequest -->
