<?xml version="1.0" encoding="UTF-8"?>
<!-- Generated by org.testng.reporters.JUnitReportReporter -->
<testsuite hostname="LAPTOP-V4RIGFDR" name="RestAssuredTesting.RestAssuredTesting.TC001_GetRequest" tests="1" failures="0" timestamp="24 Sep 2022 21:27:09 GMT" time="3.683" errors="0">
  <testcase name="getRequest" time="3.683" classname="RestAssuredTesting.RestAssuredTesting.TC001_GetRequest"/>
</testsuite> <!-- RestAssuredTesting.RestAssuredTesting.TC001_GetRequest -->
