<?xml version="1.0" encoding="UTF-8"?>
<!-- Generated by org.testng.reporters.JUnitReportReporter -->
<testsuite hostname="LAPTOP-V4RIGFDR" name="maven.selenium.basic.programming.toolsqa.com.automation.toolsqa.tutorial.AppTest" tests="1" failures="1" timestamp="20 Dec 2019 03:24:25 GMT" time="0.000" errors="0">
  <testcase name="handling_Webtables" time="0.000" classname="maven.selenium.basic.programming.toolsqa.com.automation.toolsqa.tutorial.AppTest">
    <failure type="org.openqa.selenium.WebDriverException" message="Failed to connect to binary FirefoxBinary(C:\Program Files\Mozilla Firefox\firefox.exe) on port 7055; process output follows: 
a encyklopedia&quot;,&quot;creator&quot;:null,&quot;developers&quot;:null,&quot;translators&quot;:null,&quot;contributors&quot;:null,&quot;locales&quot;:[&quot;pl&quot;]},{&quot;name&quot;:&quot;Ð’Ñ–ÐºÑ–Ð¿Ñ�Ð´Ñ‹Ñ� (be-tarask)&quot;,&quot;description&quot;:&quot;Ð’Ñ–ÐºÑ–Ð¿Ñ�Ð´Ñ‹Ñ�, Ð²Ð¾Ð»ÑŒÐ½Ð°Ñ� Ñ�Ð½Ñ†Ñ‹ÐºÐ»Ñ�Ð¿Ñ�Ð´Ñ‹Ñ�&quot;,&quot;creator&quot;:null,&quot;developers&quot;:null,&quot;translators&quot;:null,&quot;contributors&quot;:null,&quot;locales&quot;:[&quot;be-tarask&quot;]},{&quot;name&quot;:&quot;Wikipedia (sv)&quot;,&quot;description&quot;:&quot;Wikipedia, den fria encyklopedin&quot;,&quot;creator&quot;:null,&quot;developers&quot;:null,&quot;translators&quot;:null,&quot;contributors&quot;:null,&quot;locales&quot;:[&quot;sv-SE&quot;]},{&quot;name&quot;:&quot;àº§àº´àº�àº´àºžàºµà»€àº”àº� (lo)&quot;,&quot;description&quot;:&quot;àº§àº´àº�àº´àºžàºµà»€àº”àº�, àºªàº²àº¥àº²àº™àº¸àº�àº»àº¡à»€àºªàº¥àºµ&quot;,&quot;creator&quot;:null,&quot;developers&quot;:null,&quot;translators&quot;:null,&quot;contributors&quot;:null,&quot;locales&quot;:[&quot;lo&quot;]},{&quot;name&quot;:&quot;Wikipedija (sl)&quot;,&quot;description&quot;:&quot;Wikipedija, prosta enciklopedija&quot;,&quot;creator&quot;:null,&quot;developers&quot;:null,&quot;translators&quot;:null,&quot;contributors&quot;:null,&quot;locales&quot;:[&quot;sl&quot;]},{&quot;name&quot;:&quot;VikipÄ“dija&quot;,&quot;description&quot;:&quot;VikipÄ“dija, brÄ«vÄ� enciklopÄ“dija&quot;,&quot;creator&quot;:null,&quot;developers&quot;:null,&quot;translators&quot;:null,&quot;contributors&quot;:null,&quot;locales&quot;:[&quot;lv&quot;]},{&quot;name&quot;:&quot;Biquipedia (an)&quot;,&quot;description&quot;:&quot;A enciclopedia Libre&quot;,&quot;creator&quot;:null,&quot;developers&quot;:null,&quot;translators&quot;:null,&quot;contributors&quot;:null,&quot;locales&quot;:[&quot;an&quot;]},{&quot;name&quot;:&quot;à°µà°¿à°•à±€à°ªà±€à°¡à°¿à°¯à°¾ (te)&quot;,&quot;description&quot;:&quot;à°µà°¿à°•à±€à°ªà±€à°¡à°¿à°¯à°¾ (te)&quot;,&quot;creator&quot;:null,&quot;developers&quot;:null,&quot;translators&quot;:null,&quot;contributors&quot;:null,&quot;locales&quot;:[&quot;te&quot;]},{&quot;name&quot;:&quot;Wikipedia (tr)&quot;,&quot;description&quot;:&quot;Vikipedi, Ã¶zgÃ¼r ansiklopedi&quot;,&quot;creator&quot;:null,&quot;developers&quot;:null,&quot;translators&quot;:null,&quot;contributors&quot;:null,&quot;locales&quot;:[&quot;tr&quot;]},{&quot;name&quot;:&quot;Wikipedia (wo)&quot;,&quot;description&quot;:&quot;Wikipedia, Jimbulang bu Ubbeeku bi&quot;,&quot;creator&quot;:null,&quot;developers&quot;:null,&quot;translators&quot;:null,&quot;contributors&quot;:null,&quot;locales&quot;:[&quot;wo&quot;]},{&quot;name&quot;:&quot;à¸§à¸´à¸�à¸´à¸žà¸µà¹€à¸”à¸µà¸¢&quot;,&quot;description&quot;:&quot;à¸§à¸´à¸�à¸´à¸žà¸µà¹€à¸”à¸µà¸¢ à¸ªà¸²à¸£à¸²à¸™à¸¸à¸�à¸£à¸¡à¹€à¸ªà¸£à¸µ&quot;,&quot;creator&quot;:null,&quot;developers&quot;:null,&quot;translators&quot;:null,&quot;contributors&quot;:null,&quot;locales&quot;:[&quot;th&quot;]},{&quot;name&quot;:&quot;Vikipediya (uz)&quot;,&quot;description&quot;:&quot;Vikipediya, ochiq ensiklopediya&quot;,&quot;creator&quot;:null,&quot;developers&quot;:null,&quot;translators&quot;:null,&quot;contributors&quot;:null,&quot;locales&quot;:[&quot;uz&quot;]},{&quot;name&quot;:&quot;Wikipedia (vi)&quot;,&quot;description&quot;:&quot;Wikipedia, bÃ¡ch khoa toÃ n thÆ° má»Ÿ&quot;,&quot;creator&quot;:null,&quot;developers&quot;:null,&quot;translators&quot;:null,&quot;contributors&quot;:null,&quot;locales&quot;:[&quot;vi&quot;]},{&quot;name&quot;:&quot;ÙˆÛŒÚ©ÛŒÙ¾ÛŒÚˆÛŒØ§ (ur)&quot;,&quot;description&quot;:&quot;ÙˆÛŒÚ©ÛŒÙ¾ÛŒÚˆÛŒØ§ Ø¢Ø²Ø§Ø¯ Ø¯Ø§Ø¦Ø±Ûƒ Ø§Ù„Ù…Ø¹Ø§Ø±Ù�&quot;,&quot;creator&quot;:null,&quot;developers&quot;:null,&quot;translators&quot;:null,&quot;contributors&quot;:null,&quot;locales&quot;:[&quot;ur&quot;]},{&quot;name&quot;:&quot;Wikipedia (zh)&quot;,&quot;description&quot;:&quot;ç¶­åŸºç™¾ç§‘ï¼Œè‡ªç”±çš„ç™¾ç§‘å…¨æ›¸&quot;,&quot;creator&quot;:null,&quot;developers&quot;:null,&quot;translators&quot;:null,&quot;contributors&quot;:null,&quot;locales&quot;:[&quot;zh-TW&quot;]},{&quot;name&quot;:&quot;Ð’Ñ–ÐºÑ–Ð¿ÐµÐ´Ñ–Ñ� (uk)&quot;,&quot;description&quot;:&quot;Ð’Ñ–ÐºÑ–Ð¿ÐµÐ´Ñ–Ñ�, Ð²Ñ–Ð»ÑŒÐ½Ð° ÐµÐ½Ñ†Ð¸ÐºÐ»Ð¾Ð¿ÐµÐ´Ñ–Ñ�&quot;,&quot;creator&quot;:null,&quot;developers&quot;:null,&quot;translators&quot;:null,&quot;contributors&quot;:null,&quot;locales&quot;:[&quot;uk&quot;]},{&quot;name&quot;:&quot;ç»´åŸºç™¾ç§‘&quot;,&quot;description&quot;:&quot;ç»´åŸºç™¾ç§‘ï¼Œè‡ªç”±çš„ç™¾ç§‘å…¨ä¹¦&quot;,&quot;creator&quot;:null,&quot;developers&quot;:null,&quot;translators&quot;:null,&quot;contributors&quot;:null,&quot;locales&quot;:[&quot;zh-CN&quot;]},{&quot;name&quot;:&quot;Wikipedia (tl)&quot;,&quot;description&quot;:&quot;Wikipedia, ang malayang ensiklopedya&quot;,&quot;creator&quot;:null,&quot;developers&quot;:null,&quot;translators&quot;:null,&quot;contributors&quot;:null,&quot;locales&quot;:[&quot;tl&quot;]}],&quot;targetApplications&quot;:[{&quot;id&quot;:&quot;toolkit@mozilla.org&quot;,&quot;minVersion&quot;:null,&quot;maxVersion&quot;:null}],&quot;targetPlatforms&quot;:[],&quot;seen&quot;:true,&quot;dependencies&quot;:[],&quot;incognito&quot;:&quot;spanning&quot;,&quot;userPermissions&quot;:{&quot;permissions&quot;:[],&quot;origins&quot;:[]},&quot;icons&quot;:{&quot;16&quot;:&quot;favicon.ico&quot;},&quot;iconURL&quot;:null,&quot;blocklistState&quot;:0,&quot;blocklistURL&quot;:null,&quot;startupData&quot;:null,&quot;hidden&quot;:true,&quot;installTelemetryInfo&quot;:null,&quot;recommendationState&quot;:null,&quot;rootURI&quot;:&quot;resource://search-extensions/wikipedia/&quot;,&quot;location&quot;:&quot;app-builtin&quot;}
1576810951135	addons.xpi-utils	DEBUG	Updating add-on states
JavaScript error: https://testng.org/doc/documentation-main.html, line 3203: ReferenceError: urchinTracker is not defined
1576810982167	addons.productaddons	INFO	sending request to: https://aus5.mozilla.org/update/3/GMP/69.0.2/20191001234643/WINNT_x86_64-msvc-x64/en-US/release/Windows_NT%2010.0.0.0.18362.535%20(x64)/default/default/update.xml
1576810982598	addons.productaddons	INFO	Completed downloading document

Build info: version: &#039;2.45.0&#039;, revision: &#039;5017cb8e7ca8e37638dc3091b2440b90a1d8686f&#039;, time: &#039;2015-02-27 09:10:26&#039;
System info: host: &#039;LAPTOP-V4RIGFDR&#039;, ip: &#039;192.168.0.100&#039;, os.name: &#039;Windows 10&#039;, os.arch: &#039;amd64&#039;, os.version: &#039;10.0&#039;, java.version: &#039;1.8.0_161&#039;
Driver info: driver.version: FirefoxDriver">
      <![CDATA[org.openqa.selenium.WebDriverException: Failed to connect to binary FirefoxBinary(C:\Program Files\Mozilla Firefox\firefox.exe) on port 7055; process output follows: 
a encyklopedia","creator":null,"developers":null,"translators":null,"contributors":null,"locales":["pl"]},{"name":"Ð’Ñ–ÐºÑ–Ð¿Ñ�Ð´Ñ‹Ñ� (be-tarask)","description":"Ð’Ñ–ÐºÑ–Ð¿Ñ�Ð´Ñ‹Ñ�, Ð²Ð¾Ð»ÑŒÐ½Ð°Ñ� Ñ�Ð½Ñ†Ñ‹ÐºÐ»Ñ�Ð¿Ñ�Ð´Ñ‹Ñ�","creator":null,"developers":null,"translators":null,"contributors":null,"locales":["be-tarask"]},{"name":"Wikipedia (sv)","description":"Wikipedia, den fria encyklopedin","creator":null,"developers":null,"translators":null,"contributors":null,"locales":["sv-SE"]},{"name":"àº§àº´àº�àº´àºžàºµà»€àº”àº� (lo)","description":"àº§àº´àº�àº´àºžàºµà»€àº”àº�, àºªàº²àº¥àº²àº™àº¸àº�àº»àº¡à»€àºªàº¥àºµ","creator":null,"developers":null,"translators":null,"contributors":null,"locales":["lo"]},{"name":"Wikipedija (sl)","description":"Wikipedija, prosta enciklopedija","creator":null,"developers":null,"translators":null,"contributors":null,"locales":["sl"]},{"name":"VikipÄ“dija","description":"VikipÄ“dija, brÄ«vÄ� enciklopÄ“dija","creator":null,"developers":null,"translators":null,"contributors":null,"locales":["lv"]},{"name":"Biquipedia (an)","description":"A enciclopedia Libre","creator":null,"developers":null,"translators":null,"contributors":null,"locales":["an"]},{"name":"à°µà°¿à°•à±€à°ªà±€à°¡à°¿à°¯à°¾ (te)","description":"à°µà°¿à°•à±€à°ªà±€à°¡à°¿à°¯à°¾ (te)","creator":null,"developers":null,"translators":null,"contributors":null,"locales":["te"]},{"name":"Wikipedia (tr)","description":"Vikipedi, Ã¶zgÃ¼r ansiklopedi","creator":null,"developers":null,"translators":null,"contributors":null,"locales":["tr"]},{"name":"Wikipedia (wo)","description":"Wikipedia, Jimbulang bu Ubbeeku bi","creator":null,"developers":null,"translators":null,"contributors":null,"locales":["wo"]},{"name":"à¸§à¸´à¸�à¸´à¸žà¸µà¹€à¸”à¸µà¸¢","description":"à¸§à¸´à¸�à¸´à¸žà¸µà¹€à¸”à¸µà¸¢ à¸ªà¸²à¸£à¸²à¸™à¸¸à¸�à¸£à¸¡à¹€à¸ªà¸£à¸µ","creator":null,"developers":null,"translators":null,"contributors":null,"locales":["th"]},{"name":"Vikipediya (uz)","description":"Vikipediya, ochiq ensiklopediya","creator":null,"developers":null,"translators":null,"contributors":null,"locales":["uz"]},{"name":"Wikipedia (vi)","description":"Wikipedia, bÃ¡ch khoa toÃ n thÆ° má»Ÿ","creator":null,"developers":null,"translators":null,"contributors":null,"locales":["vi"]},{"name":"ÙˆÛŒÚ©ÛŒÙ¾ÛŒÚˆÛŒØ§ (ur)","description":"ÙˆÛŒÚ©ÛŒÙ¾ÛŒÚˆÛŒØ§ Ø¢Ø²Ø§Ø¯ Ø¯Ø§Ø¦Ø±Ûƒ Ø§Ù„Ù…Ø¹Ø§Ø±Ù�","creator":null,"developers":null,"translators":null,"contributors":null,"locales":["ur"]},{"name":"Wikipedia (zh)","description":"ç¶­åŸºç™¾ç§‘ï¼Œè‡ªç”±çš„ç™¾ç§‘å…¨æ›¸","creator":null,"developers":null,"translators":null,"contributors":null,"locales":["zh-TW"]},{"name":"Ð’Ñ–ÐºÑ–Ð¿ÐµÐ´Ñ–Ñ� (uk)","description":"Ð’Ñ–ÐºÑ–Ð¿ÐµÐ´Ñ–Ñ�, Ð²Ñ–Ð»ÑŒÐ½Ð° ÐµÐ½Ñ†Ð¸ÐºÐ»Ð¾Ð¿ÐµÐ´Ñ–Ñ�","creator":null,"developers":null,"translators":null,"contributors":null,"locales":["uk"]},{"name":"ç»´åŸºç™¾ç§‘","description":"ç»´åŸºç™¾ç§‘ï¼Œè‡ªç”±çš„ç™¾ç§‘å…¨ä¹¦","creator":null,"developers":null,"translators":null,"contributors":null,"locales":["zh-CN"]},{"name":"Wikipedia (tl)","description":"Wikipedia, ang malayang ensiklopedya","creator":null,"developers":null,"translators":null,"contributors":null,"locales":["tl"]}],"targetApplications":[{"id":"toolkit@mozilla.org","minVersion":null,"maxVersion":null}],"targetPlatforms":[],"seen":true,"dependencies":[],"incognito":"spanning","userPermissions":{"permissions":[],"origins":[]},"icons":{"16":"favicon.ico"},"iconURL":null,"blocklistState":0,"blocklistURL":null,"startupData":null,"hidden":true,"installTelemetryInfo":null,"recommendationState":null,"rootURI":"resource://search-extensions/wikipedia/","location":"app-builtin"}
1576810951135	addons.xpi-utils	DEBUG	Updating add-on states
JavaScript error: https://testng.org/doc/documentation-main.html, line 3203: ReferenceError: urchinTracker is not defined
1576810982167	addons.productaddons	INFO	sending request to: https://aus5.mozilla.org/update/3/GMP/69.0.2/20191001234643/WINNT_x86_64-msvc-x64/en-US/release/Windows_NT%2010.0.0.0.18362.535%20(x64)/default/default/update.xml
1576810982598	addons.productaddons	INFO	Completed downloading document

Build info: version: '2.45.0', revision: '5017cb8e7ca8e37638dc3091b2440b90a1d8686f', time: '2015-02-27 09:10:26'
System info: host: 'LAPTOP-V4RIGFDR', ip: '192.168.0.100', os.name: 'Windows 10', os.arch: 'amd64', os.version: '10.0', java.version: '1.8.0_161'
Driver info: driver.version: FirefoxDriver
	at org.openqa.selenium.firefox.internal.NewProfileExtensionConnection.start(NewProfileExtensionConnection.java:130)
	at org.openqa.selenium.firefox.FirefoxDriver.startClient(FirefoxDriver.java:246)
	at org.openqa.selenium.remote.RemoteWebDriver.<init>(RemoteWebDriver.java:114)
	at org.openqa.selenium.firefox.FirefoxDriver.<init>(FirefoxDriver.java:191)
	at org.openqa.selenium.firefox.FirefoxDriver.<init>(FirefoxDriver.java:186)
	at org.openqa.selenium.firefox.FirefoxDriver.<init>(FirefoxDriver.java:182)
	at org.openqa.selenium.firefox.FirefoxDriver.<init>(FirefoxDriver.java:99)
	at maven.selenium.basic.programming.toolsqa.com.BaseClass1.openBrowser(BaseClass1.java:40)
	at maven.selenium.basic.programming.toolsqa.com.automation.toolsqa.tutorial.AppTest.testBrowser(AppTest.java:30)
	at sun.reflect.NativeMethodAccessorImpl.invoke0(Native Method)
	at sun.reflect.NativeMethodAccessorImpl.invoke(NativeMethodAccessorImpl.java:62)
	at sun.reflect.DelegatingMethodAccessorImpl.invoke(DelegatingMethodAccessorImpl.java:43)
	at java.lang.reflect.Method.invoke(Method.java:498)
	at org.testng.internal.MethodInvocationHelper.invokeMethod(MethodInvocationHelper.java:84)
	at org.testng.internal.Invoker.invokeConfigurationMethod(Invoker.java:564)
	at org.testng.internal.Invoker.invokeConfigurations(Invoker.java:213)
	at org.testng.internal.Invoker.invokeConfigurations(Invoker.java:138)
	at org.testng.TestRunner.beforeRun(TestRunner.java:641)
	at org.testng.TestRunner.run(TestRunner.java:609)
	at org.testng.SuiteRunner.runTest(SuiteRunner.java:348)
	at org.testng.SuiteRunner.runSequentially(SuiteRunner.java:343)
	at org.testng.SuiteRunner.privateRun(SuiteRunner.java:305)
	at org.testng.SuiteRunner.run(SuiteRunner.java:254)
	at org.testng.SuiteRunnerWorker.runSuite(SuiteRunnerWorker.java:52)
	at org.testng.SuiteRunnerWorker.run(SuiteRunnerWorker.java:86)
	at org.testng.TestNG.runSuitesSequentially(TestNG.java:1224)
	at org.testng.TestNG.runSuitesLocally(TestNG.java:1149)
	at org.testng.TestNG.run(TestNG.java:1057)
	at org.testng.remote.AbstractRemoteTestNG.run(AbstractRemoteTestNG.java:132)
	at org.testng.remote.RemoteTestNG.initAndRun(RemoteTestNG.java:236)
	at org.testng.remote.RemoteTestNG.main(RemoteTestNG.java:81)
Caused by: org.openqa.selenium.firefox.NotConnectedException: Unable to connect to host 127.0.0.1 on port 7055 after 45000 ms. Firefox console output:
a encyklopedia","creator":null,"developers":null,"translators":null,"contributors":null,"locales":["pl"]},{"name":"Ð’Ñ–ÐºÑ–Ð¿Ñ�Ð´Ñ‹Ñ� (be-tarask)","description":"Ð’Ñ–ÐºÑ–Ð¿Ñ�Ð´Ñ‹Ñ�, Ð²Ð¾Ð»ÑŒÐ½Ð°Ñ� Ñ�Ð½Ñ†Ñ‹ÐºÐ»Ñ�Ð¿Ñ�Ð´Ñ‹Ñ�","creator":null,"developers":null,"translators":null,"contributors":null,"locales":["be-tarask"]},{"name":"Wikipedia (sv)","description":"Wikipedia, den fria encyklopedin","creator":null,"developers":null,"translators":null,"contributors":null,"locales":["sv-SE"]},{"name":"àº§àº´àº�àº´àºžàºµà»€àº”àº� (lo)","description":"àº§àº´àº�àº´àºžàºµà»€àº”àº�, àºªàº²àº¥àº²àº™àº¸àº�àº»àº¡à»€àºªàº¥àºµ","creator":null,"developers":null,"translators":null,"contributors":null,"locales":["lo"]},{"name":"Wikipedija (sl)","description":"Wikipedija, prosta enciklopedija","creator":null,"developers":null,"translators":null,"contributors":null,"locales":["sl"]},{"name":"VikipÄ“dija","description":"VikipÄ“dija, brÄ«vÄ� enciklopÄ“dija","creator":null,"developers":null,"translators":null,"contributors":null,"locales":["lv"]},{"name":"Biquipedia (an)","description":"A enciclopedia Libre","creator":null,"developers":null,"translators":null,"contributors":null,"locales":["an"]},{"name":"à°µà°¿à°•à±€à°ªà±€à°¡à°¿à°¯à°¾ (te)","description":"à°µà°¿à°•à±€à°ªà±€à°¡à°¿à°¯à°¾ (te)","creator":null,"developers":null,"translators":null,"contributors":null,"locales":["te"]},{"name":"Wikipedia (tr)","description":"Vikipedi, Ã¶zgÃ¼r ansiklopedi","creator":null,"developers":null,"translators":null,"contributors":null,"locales":["tr"]},{"name":"Wikipedia (wo)","description":"Wikipedia, Jimbulang bu Ubbeeku bi","creator":null,"developers":null,"translators":null,"contributors":null,"locales":["wo"]},{"name":"à¸§à¸´à¸�à¸´à¸žà¸µà¹€à¸”à¸µà¸¢","description":"à¸§à¸´à¸�à¸´à¸žà¸µà¹€à¸”à¸µà¸¢ à¸ªà¸²à¸£à¸²à¸™à¸¸à¸�à¸£à¸¡à¹€à¸ªà¸£à¸µ","creator":null,"developers":null,"translators":null,"contributors":null,"locales":["th"]},{"name":"Vikipediya (uz)","description":"Vikipediya, ochiq ensiklopediya","creator":null,"developers":null,"translators":null,"contributors":null,"locales":["uz"]},{"name":"Wikipedia (vi)","description":"Wikipedia, bÃ¡ch khoa toÃ n thÆ° má»Ÿ","creator":null,"developers":null,"translators":null,"contributors":null,"locales":["vi"]},{"name":"ÙˆÛŒÚ©ÛŒÙ¾ÛŒÚˆÛŒØ§ (ur)","description":"ÙˆÛŒÚ©ÛŒÙ¾ÛŒÚˆÛŒØ§ Ø¢Ø²Ø§Ø¯ Ø¯Ø§Ø¦Ø±Ûƒ Ø§Ù„Ù…Ø¹Ø§Ø±Ù�","creator":null,"developers":null,"translators":null,"contributors":null,"locales":["ur"]},{"name":"Wikipedia (zh)","description":"ç¶­åŸºç™¾ç§‘ï¼Œè‡ªç”±çš„ç™¾ç§‘å…¨æ›¸","creator":null,"developers":null,"translators":null,"contributors":null,"locales":["zh-TW"]},{"name":"Ð’Ñ–ÐºÑ–Ð¿ÐµÐ´Ñ–Ñ� (uk)","description":"Ð’Ñ–ÐºÑ–Ð¿ÐµÐ´Ñ–Ñ�, Ð²Ñ–Ð»ÑŒÐ½Ð° ÐµÐ½Ñ†Ð¸ÐºÐ»Ð¾Ð¿ÐµÐ´Ñ–Ñ�","creator":null,"developers":null,"translators":null,"contributors":null,"locales":["uk"]},{"name":"ç»´åŸºç™¾ç§‘","description":"ç»´åŸºç™¾ç§‘ï¼Œè‡ªç”±çš„ç™¾ç§‘å…¨ä¹¦","creator":null,"developers":null,"translators":null,"contributors":null,"locales":["zh-CN"]},{"name":"Wikipedia (tl)","description":"Wikipedia, ang malayang ensiklopedya","creator":null,"developers":null,"translators":null,"contributors":null,"locales":["tl"]}],"targetApplications":[{"id":"toolkit@mozilla.org","minVersion":null,"maxVersion":null}],"targetPlatforms":[],"seen":true,"dependencies":[],"incognito":"spanning","userPermissions":{"permissions":[],"origins":[]},"icons":{"16":"favicon.ico"},"iconURL":null,"blocklistState":0,"blocklistURL":null,"startupData":null,"hidden":true,"installTelemetryInfo":null,"recommendationState":null,"rootURI":"resource://search-extensions/wikipedia/","location":"app-builtin"}
1576810951135	addons.xpi-utils	DEBUG	Updating add-on states
JavaScript error: https://testng.org/doc/documentation-main.html, line 3203: ReferenceError: urchinTracker is not defined
1576810982167	addons.productaddons	INFO	sending request to: https://aus5.mozilla.org/update/3/GMP/69.0.2/20191001234643/WINNT_x86_64-msvc-x64/en-US/release/Windows_NT%2010.0.0.0.18362.535%20(x64)/default/default/update.xml
1576810982598	addons.productaddons	INFO	Completed downloading document

	at org.openqa.selenium.firefox.internal.NewProfileExtensionConnection.start(NewProfileExtensionConnection.java:118)
	... 30 more
]]>
    </failure>
  </testcase> <!-- handling_Webtables -->
</testsuite> <!-- maven.selenium.basic.programming.toolsqa.com.automation.toolsqa.tutorial.AppTest -->
